Using pre-set license
Built from '2020.3/staging' branch; Version is '2020.3.0f1 (c7b5465681fb) revision 13088070'; Using compiler version '192528614'; Build Type 'Release'
OS: 'Windows 10 Home; OS build 19043.1237; Version 2009; 64bit' Language: 'ru' Physical Memory: 16173 MB
BatchMode: 1, IsHumanControllingUs: 0, StartBugReporterOnCrash: 0, Is64bit: 1, IsPro: 0

 COMMAND LINE ARGUMENTS:
C:\Program Files\Unity\Hub\Editor\2020.3.0f1\Editor\Unity.exe
-adb2
-batchMode
-noUpm
-name
AssetImportWorker0
-projectPath
D:/Unity/Paint
-logFile
Logs/AssetImportWorker0.log
-srvPort
59186
Successfully changed project path to: D:/Unity/Paint
D:/Unity/Paint
Using Asset Import Pipeline V2.
Refreshing native plugins compatible for Editor in 43.69 ms, found 0 plugins.
Preloading 0 native plugins for Editor in 0.00 ms.
Initialize engine version: 2020.3.0f1 (c7b5465681fb)
[Subsystems] Discovering subsystems at path C:/Program Files/Unity/Hub/Editor/2020.3.0f1/Editor/Data/Resources/UnitySubsystems
[Subsystems] Discovering subsystems at path D:/Unity/Paint/Assets
GfxDevice: creating device client; threaded=0
Direct3D:
    Version:  Direct3D 11.0 [level 11.1]
    Renderer: NVIDIA GeForce RTX 2060 (ID=0x1f11)
    Vendor:   
    VRAM:     5980 MB
    Driver:   30.0.14.7135
Shader 'Universal Render Pipeline/Particles/Lit': fallback shader 'Universal Render Pipeline/Particles/SimpleLit' not found
Initialize mono
Mono path[0] = 'C:/Program Files/Unity/Hub/Editor/2020.3.0f1/Editor/Data/Managed'
Mono path[1] = 'C:/Program Files/Unity/Hub/Editor/2020.3.0f1/Editor/Data/MonoBleedingEdge/lib/mono/unityjit'
Mono config path = 'C:/Program Files/Unity/Hub/Editor/2020.3.0f1/Editor/Data/MonoBleedingEdge/etc'
Using monoOptions --debugger-agent=transport=dt_socket,embedding=1,server=y,suspend=n,address=127.0.0.1:56504
Begin MonoManager ReloadAssembly
Registering precompiled unity dll's ...
Register platform support module: C:/Program Files/Unity/Hub/Editor/2020.3.0f1/Editor/Data/PlaybackEngines/WindowsStandaloneSupport/UnityEditor.WindowsStandalone.Extensions.dll
Registered in 0.002064 seconds.
Native extension for WindowsStandalone target not found
Refreshing native plugins compatible for Editor in 41.88 ms, found 0 plugins.
Preloading 0 native plugins for Editor in 0.00 ms.
Invoked RoslynAnalysisRunner static constructor.
RoslynAnalysisRunner will not be running.
RoslynAnalysisRunner has terminated.
Mono: successfully reloaded assembly
- Completed reload, in  1.829 seconds
Platform modules already initialized, skipping
Registering precompiled user dll's ...
Registered in 0.001187 seconds.
Begin MonoManager ReloadAssembly
Native extension for WindowsStandalone target not found
Refreshing native plugins compatible for Editor in 41.93 ms, found 0 plugins.
Preloading 0 native plugins for Editor in 0.00 ms.
Invoked RoslynAnalysisRunner static constructor.
RoslynAnalysisRunner will not be running.
RoslynAnalysisRunner has terminated.
Mono: successfully reloaded assembly
- Completed reload, in  0.910 seconds
Platform modules already initialized, skipping
========================================================================
Worker process is ready to serve import requests
Shader 'Universal Render Pipeline/Particles/Lit': fallback shader 'Universal Render Pipeline/Particles/SimpleLit' not found
Launched and connected shader compiler UnityShaderCompiler.exe after 0.05 seconds
Refreshing native plugins compatible for Editor in 0.36 ms, found 0 plugins.
Preloading 0 native plugins for Editor in 0.00 ms.
Unloading 2647 Unused Serialized files (Serialized files now loaded: 0)
System memory in use before: 117.1 MB.
System memory in use after: 117.3 MB.

Unloading 11 unused Assets to reduce memory usage. Loaded Objects now: 3087.
Total: 2.175000 ms (FindLiveObjects: 0.287600 ms CreateObjectMapping: 0.146300 ms MarkObjects: 1.663800 ms  DeleteObjects: 0.076400 ms)

========================================================================
Received Import Request.
  path: Assets/Scenes/Texture.unity
  artifactKey: Guid(ee59db1564a18b848af8e5a6babee829) Importer(815301076,1909f56bfc062723c751e8b465ee728b)
Start importing Assets/Scenes/Texture.unity using Guid(ee59db1564a18b848af8e5a6babee829) Importer(815301076,1909f56bfc062723c751e8b465ee728b)  -> (artifact id: '8913a522f329567d64b18ddfcd3165a2') in 0.016980 seconds
  Import took 0.020741 seconds .

========================================================================
Received Import Request.
  Time since last request: 0.000276 seconds.
  path: Assets/Scenes/Main.unity
  artifactKey: Guid(9fc0d4010bbf28b4594072e72b8655ab) Importer(815301076,1909f56bfc062723c751e8b465ee728b)
Start importing Assets/Scenes/Main.unity using Guid(9fc0d4010bbf28b4594072e72b8655ab) Importer(815301076,1909f56bfc062723c751e8b465ee728b)  -> (artifact id: '0d1a51799c85b5bdac977fc9f1a4fb5f') in 0.006374 seconds
  Import took 0.012004 seconds .

========================================================================
Received Import Request.
  Time since last request: 6.061093 seconds.
  path: Assets/Scenes/Painting.unity
  artifactKey: Guid(9fc0d4010bbf28b4594072e72b8655ab) Importer(815301076,1909f56bfc062723c751e8b465ee728b)
Start importing Assets/Scenes/Painting.unity using Guid(9fc0d4010bbf28b4594072e72b8655ab) Importer(815301076,1909f56bfc062723c751e8b465ee728b)  -> (artifact id: '9cd44fed8233149dd7d08353b52a03f7') in 0.011240 seconds
  Import took 0.016168 seconds .

========================================================================
Received Import Request.
  Time since last request: 34.200406 seconds.
  path: Assets/Scenes/Texture.unity
  artifactKey: Guid(ee59db1564a18b848af8e5a6babee829) Importer(815301076,1909f56bfc062723c751e8b465ee728b)
Start importing Assets/Scenes/Texture.unity using Guid(ee59db1564a18b848af8e5a6babee829) Importer(815301076,1909f56bfc062723c751e8b465ee728b)  -> (artifact id: '0e8f8276bb4997db9ce0b93383238422') in 0.008079 seconds
  Import took 0.012927 seconds .

========================================================================
Received Import Request.
  Time since last request: 41.500359 seconds.
  path: Assets/Scenes/Painting.unity
  artifactKey: Guid(9fc0d4010bbf28b4594072e72b8655ab) Importer(815301076,1909f56bfc062723c751e8b465ee728b)
Start importing Assets/Scenes/Painting.unity using Guid(9fc0d4010bbf28b4594072e72b8655ab) Importer(815301076,1909f56bfc062723c751e8b465ee728b)  -> (artifact id: '51a27519d565f21786a5a0f920ae386b') in 0.006055 seconds
  Import took 0.069099 seconds .

========================================================================
Received Import Request.
  Time since last request: 8.176204 seconds.
  path: Assets/Scenes/Texture.unity
  artifactKey: Guid(ee59db1564a18b848af8e5a6babee829) Importer(815301076,1909f56bfc062723c751e8b465ee728b)
Start importing Assets/Scenes/Texture.unity using Guid(ee59db1564a18b848af8e5a6babee829) Importer(815301076,1909f56bfc062723c751e8b465ee728b)  -> (artifact id: 'c0ef1048ecdb69f6a0d82134d5565960') in 0.007398 seconds
  Import took 0.011976 seconds .

========================================================================
Received Import Request.
  Time since last request: 72.844131 seconds.
  path: Assets/Scenes/Texture.unity
  artifactKey: Guid(ee59db1564a18b848af8e5a6babee829) Importer(815301076,1909f56bfc062723c751e8b465ee728b)
Start importing Assets/Scenes/Texture.unity using Guid(ee59db1564a18b848af8e5a6babee829) Importer(815301076,1909f56bfc062723c751e8b465ee728b)  -> (artifact id: '053bb56c2024541d82e671351ae36ed6') in 0.002433 seconds
  Import took 0.007031 seconds .

========================================================================
Received Import Request.
  Time since last request: 0.001818 seconds.
  path: Assets/Scenes/Texture.unity
  artifactKey: Guid(ee59db1564a18b848af8e5a6babee829) Importer(815301076,1909f56bfc062723c751e8b465ee728b)
Start importing Assets/Scenes/Texture.unity using Guid(ee59db1564a18b848af8e5a6babee829) Importer(815301076,1909f56bfc062723c751e8b465ee728b)  -> (artifact id: '053bb56c2024541d82e671351ae36ed6') in 0.002047 seconds
  Import took 0.007050 seconds .

========================================================================
Received Import Request.
  Time since last request: 72.782201 seconds.
  path: Assets/Materials/Texture_Material.mat
  artifactKey: Guid(919f1e26225470841972246a76a2c761) Importer(815301076,1909f56bfc062723c751e8b465ee728b)
Start importing Assets/Materials/Texture_Material.mat using Guid(919f1e26225470841972246a76a2c761) Importer(815301076,1909f56bfc062723c751e8b465ee728b)  -> (artifact id: '5277a141de53a94bd74c557759ea5880') in 0.216355 seconds
  Import took 0.220221 seconds .

========================================================================
Received Prepare
Registering precompiled user dll's ...
Registered in 0.001174 seconds.
Begin MonoManager ReloadAssembly
Native extension for WindowsStandalone target not found
Refreshing native plugins compatible for Editor in 0.37 ms, found 0 plugins.
Preloading 0 native plugins for Editor in 0.00 ms.
Invoked RoslynAnalysisRunner static constructor.
RoslynAnalysisRunner will not be running.
RoslynAnalysisRunner has terminated.
Mono: successfully reloaded assembly
- Completed reload, in  0.879 seconds
Platform modules already initialized, skipping
Switching build target platform(5) subTarget(0) extendedPlatform(0) -> platform(13) subTarget(537395200) extendedPlatform(0)
Shader 'Universal Render Pipeline/Particles/Lit': fallback shader 'Universal Render Pipeline/Particles/SimpleLit' not found
Refreshing native plugins compatible for Editor in 0.35 ms, found 0 plugins.
Preloading 0 native plugins for Editor in 0.00 ms.
Unloading 2542 Unused Serialized files (Serialized files now loaded: 0)
System memory in use before: 116.6 MB.
System memory in use after: 116.8 MB.

Unloading 6 unused Assets to reduce memory usage. Loaded Objects now: 3168.
Total: 2.052900 ms (FindLiveObjects: 0.223800 ms CreateObjectMapping: 0.110900 ms MarkObjects: 1.670800 ms  DeleteObjects: 0.046000 ms)

AssetImportParameters requested are different than current active one (requested -> active):
  custom:graphics/normal-map-encoding: 01000000000000000000000000000000 -> 02000000000000000000000000000000
AssetImportWorkerClient::OnTransportError - code=2 error=End of file
